polybar|notice:  Parsing config file: /home/artemiy/.config/polybar/config.ini
polybar|notice:  Listening for IPC messages (PID: 111987)
polybar|warn:  No monitor specified, using "DP-2"
polybar|notice:  Loading module 'xworkspaces' of type 'internal/xworkspaces'
polybar|notice:  Loading module 'pulseaudio' of type 'internal/pulseaudio'
polybar|notice:  pulseaudio: using default sink alsa_output.usb-SteelSeries_Arctis_Nova_3-00.analog-stereo
polybar|notice:  Loading module 'date' of type 'internal/date'
polybar|notice:  Loaded 3 modules
polybar|notice:  Loaded font "monospace" (name=DejaVu Sans Mono, offset=2, file=/usr/share/fonts/truetype/dejavu/DejaVuSansMono.ttf)
[ 27/06/25 02:22:23.434 parse_config_libconfig FATAL ERROR ] Error when reading configuration file "/home/artemiy/.config/picom/picom.conf", line 92: syntax error
[ 27/06/25 02:22:23.434 main FATAL ERROR ] Failed to create new session.
polybar|notice:  Received signal(15): Terminated
polybar|notice:  Termination signal received, shutting down...
polybar|notice:  Parsing config file: /home/artemiy/.config/polybar/config.ini
polybar|notice:  Listening for IPC messages (PID: 114816)
polybar|warn:  No monitor specified, using "DP-2"
polybar|notice:  Loading module 'xworkspaces' of type 'internal/xworkspaces'
polybar|notice:  Loading module 'pulseaudio' of type 'internal/pulseaudio'
polybar|notice:  pulseaudio: using default sink alsa_output.usb-SteelSeries_Arctis_Nova_3-00.analog-stereo
polybar|notice:  Loading module 'date' of type 'internal/date'
polybar|notice:  Loaded 3 modules
polybar|notice:  Loaded font "monospace" (name=DejaVu Sans Mono, offset=2, file=/usr/share/fonts/truetype/dejavu/DejaVuSansMono.ttf)
[ 27/06/25 02:56:56.938 parse_config_libconfig FATAL ERROR ] Error when reading configuration file "/home/artemiy/.config/picom/picom.conf", line 54: syntax error
[ 27/06/25 02:56:56.938 main FATAL ERROR ] Failed to create new session.
polybar|notice:  Received signal(15): Terminated
polybar|notice:  Termination signal received, shutting down...
polybar|notice:  Parsing config file: /home/artemiy/.config/polybar/config.ini
polybar|notice:  Listening for IPC messages (PID: 130983)
polybar|warn:  No monitor specified, using "DP-2"
polybar|notice:  Loading module 'xworkspaces' of type 'internal/xworkspaces'
polybar|notice:  Loading module 'pulseaudio' of type 'internal/pulseaudio'
polybar|notice:  pulseaudio: using default sink alsa_output.usb-SteelSeries_Arctis_Nova_3-00.analog-stereo
polybar|notice:  Loading module 'date' of type 'internal/date'
polybar|notice:  Loaded 3 modules
polybar|notice:  Loaded font "monospace" (name=DejaVu Sans Mono, offset=2, file=/usr/share/fonts/truetype/dejavu/DejaVuSansMono.ttf)
polybar|notice:  pulseaudio: using default sink alsa_output.pci-0000_01_00.1.HiFi__hw_NVidia_3__sink
polybar|notice:  pulseaudio: using default sink alsa_output.usb-SteelSeries_Arctis_Nova_3-00.analog-stereo
polybar|notice:  pulseaudio: using default sink alsa_output.usb-SteelSeries_Arctis_Nova_3-00.analog-stereo
polybar|notice:  pulseaudio: using default sink bluez_output.3C_5C_C4_05_EA_E4.1
polybar|notice:  pulseaudio: using default sink alsa_output.usb-SteelSeries_Arctis_Nova_3-00.analog-stereo
polybar|notice:  pulseaudio: using default sink alsa_output.usb-SteelSeries_Arctis_Nova_3-00.analog-stereo
polybar|notice:  pulseaudio: using default sink alsa_output.usb-SteelSeries_Arctis_Nova_3-00.analog-stereo
polybar|notice:  pulseaudio: using default sink bluez_output.3C_5C_C4_05_EA_E4.1
